test/
test/here_doc.sh
test/arf.dat
test/uncon/
test/uncon/Makefile.in
test/uncon/uncon.sl
test/uncon/uncon-module.c
test/uncon/run_tests
test/uncon/src/
test/uncon/src/modules.lis
test/uncon/src/biggs.F
test/uncon/src/badscp.F
test/uncon/src/gulf.F
test/uncon/src/sing.F
test/uncon/src/cheb.F
test/uncon/src/trid.F
test/uncon/src/band.F
test/uncon/src/osb1.F
test/uncon/src/osb2.F
test/uncon/src/trig.F
test/uncon/src/devg1.F
test/uncon/src/devg2.F
test/uncon/src/bv.F
test/uncon/src/bard.F
test/uncon/src/beale.F
test/uncon/src/rose.F
test/uncon/src/helix.F
test/uncon/src/watson.F
test/uncon/src/jensam.F
test/uncon/src/dcopy.f
test/uncon/src/meyer.F
test/uncon/src/lin.F
test/uncon/src/gauss.F
test/uncon/src/froth.F
test/uncon/src/vardim.F
test/uncon/src/blas.lis
test/uncon/src/daxpy.f
test/uncon/src/han1.F
test/uncon/src/han2.F
test/uncon/src/box.F
test/uncon/src/msqrt2.F
test/uncon/src/singx.F
test/uncon/src/msqrt3.F
test/uncon/src/ddot.f
test/uncon/src/mck1.F
test/uncon/src/mck2.F
test/uncon/src/ie.F
test/uncon/src/mck3.F
test/uncon/src/almost.F
test/uncon/src/rosex.F
test/uncon/src/lin0.F
test/uncon/src/lin1.F
test/uncon/src/pen1.F
test/uncon/src/kowosb.F
test/uncon/src/pen2.F
test/uncon/src/dgv6.F
test/uncon/src/dgv8.F
test/uncon/src/wood.F
test/uncon/src/README
test/uncon/src/badscb.F
test/uncon/src/bd.F
test/uncon/README
test/Makefile.in
test/config.hin
test/backscale.sl
test/hist.sl
test/constraint.sl
test/readcol.sl
test/confmap.sl
test/data/
test/data/pi.fits
test/data/acisf01318N003_pha2.fits.gz
test/data/confmap.fits
test/data/acismeg1D1999-07-22rmfN0002.fits.gz
test/data/acisf01318_000N001MEG_-1_garf.fits.gz
test/xgroup.sl
test/run_tests.sl
test/post_model_hook.sl
test/par_fun.sl
test/multi.sl
test/param_defaults.sl
test/region_stats.sl
test/renorm.sl
test/ds_combine.sl
test/flux_corr.sl
test/rebin_dataset.sl
test/inc.sl
test/stat.sl
test/xspec_import.sl
test/bpl.sl
test/module_import.sl
test/README
test/eval_fun2.sl
test/fit.sl
test/rmf_user.c
test/pileup.dat
test/opfun.sl
test/max_like.sl
test/pileup.sl
test/user_grid_eval.sl
test/rebin.sl
test/arrayops.sl
test/yshift.sl
contrib/
contrib/cspec_summary.sl
contrib/pick_el.sl
contrib/aped_fit_models.sl
contrib/fspec_summary.sl
contrib/aped_contin.sl
contrib/gsmooth.sl
contrib/README
contrib/monte.sl
contrib/hanning.sl
contrib/fshift.sl
contrib/max_like.sl
contrib/ascii.sl
contrib/clear_bits
contrib/marxflux
contrib/splot_data.sl
contrib/bestfit.sl
share/
share/setup.sl
share/fits_module_dep.sl
share/pgplot_interface.sl
share/plot-extra.sl
share/plot-cmds.sl
share/init.sl
share/mathmisc.sl
share/fit-cmds.sl
share/_isis.sl
share/isis.sl
share/backtrace.sh
share/errors.sl
share/require.sl
share/isisdb.sl
share/isisprof.sl
share/emis-cmds.sl
share/aped_fun.sl
share/modules.lis
share/model-cmds.sl
share/atom-cmds.sl
share/cmds.sl
share/physconst.sl
share/hist-cmds.sl
configure
doc/
doc/scripts/
doc/scripts/profile_fit.sl
doc/scripts/line_id.sl
doc/scripts/bgd_subtract.sl
doc/scripts/print_args.sl
doc/scripts/data.sl
doc/scripts/ion_curves.sl
doc/scripts/xspec.sl
doc/scripts/demo.sl
doc/scripts/crude_dem.sl
doc/scripts/contour.sl
doc/scripts/model.dat
doc/scripts/contin.sl
doc/scripts/residuals.sl
doc/scripts/elev.sl
doc/scripts/custom1.sl
doc/scripts/profile_fit.dat
doc/manual.pdf
doc/help.txt
doc/local_help.txt
doc/isis.1
src/
src/mkdist.sh
src/pileup_kernel.c
src/config.hin
src/Makefile.in
src/histogram.h
src/fit-cmds.c
src/errors.c
src/util.c
src/errors.h
src/subplex.c
src/util.h
src/keyword.c
src/fftn.inc
src/isismath.h
src/djbfft.inc
src/db-display.c
src/math.c
src/keyword.h
src/std_kernel.c
src/db-display.h
src/rmf_delta.c
src/marq.c
src/fc_modules.lis
src/errors.inc
src/plotlib.c
src/cfits.c
src/cfits.h
src/plot.c
src/fit-chisqrconf.c
src/mt19937ar.c
src/emis-cmds.c
src/plot.h
src/db-cie.c
src/readline.c
src/model-cmds.c
src/lmdif_lib.f
src/dblas.c
src/db-cie.h
src/fit-funs.c
src/fftn.c
src/fit-kernel.c
src/plot-cmds.c
src/simann_lib.f
src/isis.c
src/arf.c
src/isis.h
src/arf.h
src/rmf_file.c
src/atom-cmds.c
src/chkslang.c
src/lmdif.c
src/hist-cmds.c
src/crout.c
src/svd.c
src/db-atomic.c
src/model.c
src/svd.h
src/fit-params.c
src/db-atomic.h
src/model.h
src/simann.c
src/_isis.h
src/subplex_lib.f
src/modules.lis
src/cash.c
src/random.c
src/miscio.c
src/rmf.c
src/fit-engine.c
src/fit.h
src/fit-functions.c
src/voigt.c
src/chisqr.c
src/db-em.h
src/dynmem.c
src/rmf.h
src/options.c
src/histogram.c
INSTALL.txt
modules/
modules/cfitsio/
modules/cfitsio/share/
modules/cfitsio/share/readrmf.sl
modules/cfitsio/configure
modules/cfitsio/doc/
modules/cfitsio/doc/tm/
modules/cfitsio/doc/tm/rtl/
modules/cfitsio/doc/tm/rtl/cfitsiofuns.tm
modules/cfitsio/doc/tm/cfitsio.tm
modules/cfitsio/doc/tm/fitsfuns.tm
modules/cfitsio/doc/tm/fitswcsfuns.tm
modules/cfitsio/doc/tm/fixtex.sl
modules/cfitsio/doc/tm/helpfile.tm
modules/cfitsio/doc/tm/mkindex.sl
modules/cfitsio/doc/tm/Makefile
modules/cfitsio/doc/text/
modules/cfitsio/doc/text/cfitsio.txt
modules/cfitsio/doc/help/
modules/cfitsio/doc/help/cfitsio.hlp
modules/cfitsio/src/
modules/cfitsio/src/tests/
modules/cfitsio/src/tests/test_fits.sl
modules/cfitsio/src/fitswcs.sl
modules/cfitsio/src/Makefile.in
modules/cfitsio/src/config.hin
modules/cfitsio/src/fits.sl
modules/cfitsio/src/cfitsio-module.c
modules/cfitsio/src/mkversion.sh
modules/cfitsio/src/version.h
modules/cfitsio/src/cfitsio.sl
modules/cfitsio/INSTALL.txt
modules/cfitsio/autoconf/
modules/cfitsio/autoconf/Makefile.in
modules/cfitsio/autoconf/configure.in
modules/cfitsio/autoconf/mkinsdir.sh
modules/cfitsio/autoconf/config.guess
modules/cfitsio/autoconf/aclocal.m4
modules/cfitsio/autoconf/config.sub
modules/cfitsio/autoconf/install-sh
modules/cfitsio/cfitsio.lis
modules/cfitsio/ChangeLog
modules/cfitsio/COPYRIGHT
modules/cfitsio/README
modules/cfitsio/examples/
modules/cfitsio/examples/mkimgcont
modules/cfitsio/examples/fitscopy
modules/cfitsio/examples/binevt
modules/cfitsio/examples/viewimage
modules/xspec/
modules/xspec/src/
modules/xspec/src/_model_externs_xspec11.inc
modules/xspec/src/_model_externs_xspec12.inc
modules/xspec/src/code_gen.sl
modules/xspec/src/tblint.f
modules/xspec/src/xsatbl.f
modules/xspec/src/config.hin
modules/xspec/src/cfortran.doc
modules/xspec/src/Makefile.in
modules/xspec/src/xsetbl.f
modules/xspec/src/xspec-module.c
modules/xspec/src/erebin.f
modules/xspec/src/xspec.inc
modules/xspec/src/xspec_libs.in
modules/xspec/src/inibin.f
modules/xspec/src/test.sl
modules/xspec/src/xsmtbl.f
modules/xspec/src/modules.lis
modules/xspec/src/cfortex.f
modules/xspec/src/parse_model_dat.sl
modules/xspec/src/xspec.sl
modules/xspec/src/cfortran.h
modules/xspec/src/README.tables
modules/xspec/src/README.code
modules/xspec/src/_names_xspec11.dat
modules/xspec/src/_names_xspec12.dat
modules/xspec/src/cfortest.c
modules/xspec/src/xspec-compat.inc
modules/xspec/src/_model_table_xspec11.inc
modules/xspec/src/_model_table_xspec12.inc
modules/xspec/configure
modules/xspec/autoconf/
modules/xspec/autoconf/Makefile.in
modules/xspec/autoconf/configure.ac
modules/xspec/autoconf/mkinsdir.sh
modules/xspec/autoconf/config.guess
modules/xspec/autoconf/aclocal.m4
modules/xspec/autoconf/config.sub
modules/xspec/autoconf/install-sh
modules/xspec/README
modules/Makefile.in
modules/pgplot/
modules/pgplot/doc/
modules/pgplot/doc/tm/
modules/pgplot/doc/tm/fixtex.sl
modules/pgplot/doc/tm/template.tm
modules/pgplot/doc/tm/Makefile
modules/pgplot/src/
modules/pgplot/src/tests/
modules/pgplot/src/tests/test_pgplot.sl
modules/pgplot/src/Makefile.in
modules/pgplot/src/config.hin
modules/pgplot/src/pgplot.sl
modules/pgplot/src/pgplot-module.c
modules/pgplot/src/mkversion.sh
modules/pgplot/src/version.h
modules/pgplot/configure
modules/pgplot/INSTALL.txt
modules/pgplot/autoconf/
modules/pgplot/autoconf/Makefile.in
modules/pgplot/autoconf/configure.ac
modules/pgplot/autoconf/mkinsdir.sh
modules/pgplot/autoconf/config.guess
modules/pgplot/autoconf/aclocal.m4
modules/pgplot/autoconf/config.sub
modules/pgplot/autoconf/install-sh
modules/pgplot/COPYRIGHT
modules/pgplot/pgplot.lis
modules/pgplot/README
modules/pgplot/examples/
modules/pgplot/examples/demo.sl
modules/pgplot/examples/viewimg
modules/pgplot/examples/README
modules/README
Changes.txt
COPYING
COPYRIGHT
etc/
etc/apec_d.sl
etc/aped.sl
etc/local.sl
etc/modules.lis
etc/isis.rc
autoconf/
autoconf/README.cdrom
autoconf/Makefile.in
autoconf/configure.ac
autoconf/mkinsdir.sh
autoconf/config.guess
autoconf/isis.binary
autoconf/isis.cdrom
autoconf/aclocal.m4
autoconf/config.sub
autoconf/install-sh
README
files.lis
